This file contains any messages produced by compilers while
running configure, to aid debugging if configure makes a mistake.

configure: 749: Can't find include file stdarg.h
configure: 751: Can't find include file float.h
ld: Undefined symbol
   _XrmStringToQuark
   _XrmQuarkToString
   _XFreeFont
   _XLoadFont
   _XrmPermStringToQuark
   _XCreateFontCursor
   _XQueryFont
   _XScreenNumberOfScreen
   _XLoadQueryFont
   _XCreateFontSet
   _XInternAtom
   _XFreeCursor
   _XQueryColor
   _XFreeColors
   _XUnloadFont
   _XrmQGetResource
   _XFreeStringList
   _XLookupColor
   _XFreeFontSet
   _XOpenDisplay
   _XDisplayOfScreen
   _XMatchVisualInfo
   _XAllocNamedColor
   _XChangeWindowAttributes
   _XDestroyWindow
   _XCreateRegion
   _XCloseDisplay
   _XrmSetDatabase
   _XrmGetDatabase
   _XDestroyRegion
   _XrmDestroyDatabase
   _XDisplayName
   _XrmMergeDatabases
   _XrmGetResource
   _XrmGetFileDatabase
   _XUnionRectWithRegion
   _XEventsQueued
   _XCheckIfEvent
   _XNextEvent
   _XPeekEvent
   _XPending
   _XIfEvent
   _XClipBox
   _XFilterEvent
   _XSelectInput
   _XIntersectRegion
   _XrmUniqueQuark
   _XDeleteContext
   _XSaveContext
   _XFindContext
   _XMapWindow
   _XUnmapWindow
   _XCreateGC
   _XChangeGC
   _XCreatePixmap
   _XFreeGC
   _XListDepths
   _XGetGCValues
   _XFree
   _XClearArea
   _XMoveWindow
   _XConfigureWindow
   _XrmEnumerateDatabase
   _XrmGetStringDatabase
   _XrmInitialize
   _XrmQGetSearchList
   _XrmQGetSearchResource
   _XScreenResourceString
   _XrmPutLineResource
   _XrmCombineDatabase
   _XrmCombineFileDatabase
   _XResourceManagerString
   _XrmParseCommand
   _XSupportsLocale
   _XrmQPutResource
   _XSetLocaleModifiers
   _XSynchronize
   _XrmStringToBindingQuarkList
   _XSetClassHint
   _XCreateWindow
   _XMapSubwindows
   _XQueryPointer
   _XUngrabKeyboard
   _XRefreshKeyboardMapping
   _XGrabKeyboard
   _XUngrabButton
   _XUngrabKey
   _XUngrabPointer
   _XGrabButton
   _XGrabKey
   _XGrabPointer
   _XMapRaised
   _XWithdrawWindow
   _XRaiseWindow
   _XFlush
   _XConvertSelection
   _XSendEvent
   _XGetSelectionOwner
   _XSetSelectionOwner
   _XGetWindowProperty
   _XMaxRequestSize
   _XDeleteProperty
   _XChangeProperty
   _XSync
   _XSetErrorHandler
   _XSetTransientForHint
   _XPutBackEvent
   _XSetWMNormalHints
   _XSetWMName
   _XTranslateCoordinates
   _XSetWMIconName
   _XIconifyWindow
   _XmbTextListToTextProperty
   _XSetWMHints
   _XWMGeometry
   _XAllocSizeHints
   _XGetGeometry
   _XSetWMProperties
   _XGetModifierMapping
   _XGetKeyboardMapping
   _XFreeModifiermap
   _XDisplayKeycodes
   _XStringToKeysym
   _XKeysymToString
   _XGetAtomName
ld: -lXbsd: No such file or directory
ld: -lsocket: No such file or directory
